12:16:44.685 [JavaFX Application Thread] DEBUG GameApplication      - Logger initialized
12:16:44.700 [JavaFX Application Thread] DEBUG GameApplication      - Logging settings
Title: Journey down the den
Version: 0.2
Width: 1920
Height: 1080
Fullscreen: true
Intro: false
Menus: false
Profiling: false
Single step:false
App Mode: DEVELOPER
Menu Key: ESCAPE
Stage Style: DECORATED
Scene Factory: class com.almasb.fxgl.scene.SceneFactory
Dialog Factory: class com.almasb.fxgl.ui.FXGLDialogFactory
UI Factory: class com.almasb.fxgl.ui.FXGLUIFactory
Notification Service: class com.almasb.fxgl.gameplay.notification.XboxNotificationView
Exception Handler: class com.almasb.fxgl.app.FXGLExceptionHandler
12:16:44.700 [JavaFX Application Thread] DEBUG GameApplication      - Starting FXGL
12:16:44.706 [JavaFX Application Thread] INFO  FXGL                 - FXGL-0.5.4 on DESKTOP
12:16:44.706 [JavaFX Application Thread] INFO  FXGL                 - Source code and latest versions at: https://github.com/AlmasB/FXGL
12:16:44.706 [JavaFX Application Thread] INFO  FXGL                 -              Join the FXGL chat at: https://gitter.im/AlmasB/FXGL
12:16:44.707 [JavaFX Application Thread] DEBUG FXGL                 - FXGL started
12:16:44.707 [JavaFX Application Thread] DEBUG FXGL                 - Initializing FXGL
12:16:44.754 [JavaFX Application Thread] DEBUG AssetLoader          - Loading from disk: /assets/ui/cursors/fxgl_default.png
12:16:44.824 [JavaFX Application Thread] DEBUG AssetLoader          - Loading from disk: /assets/ui/fonts/VarelaRound-Regular.ttf
12:16:45.162 [JavaFX Application Thread] DEBUG MainWindow           - Creating a JavaFX scene
12:16:45.191 [JavaFX Application Thread] DEBUG MainWindow           - Target settings size: 1920.0 x 1080.0
12:16:45.191 [JavaFX Application Thread] DEBUG MainWindow           - Scaled scene size:    1920.0 x 1080.0
12:16:45.191 [JavaFX Application Thread] DEBUG MainWindow           - Scaled ratio: (1.0, 1.0)
12:16:45.203 [JavaFX Application Thread] DEBUG AssetLoader          - Loading from disk: /assets/ui/css/fxgl_dark.css
12:16:45.206 [JavaFX Application Thread] DEBUG AssetLoader          - Loading from disk: /assets/textures/JDTD_icon.png
12:16:45.213 [JavaFX Application Thread] DEBUG MainWindow           - Opening main window
12:16:45.385 [JavaFX Application Thread] DEBUG MainWindow           - Window border size: (16.0, 39.0)
12:16:45.385 [JavaFX Application Thread] DEBUG MainWindow           - Scaled size: 1920.0 x 1080.0
12:16:45.385 [JavaFX Application Thread] DEBUG MainWindow           - Scaled ratio: (1.0, 1.0)
12:16:45.385 [JavaFX Application Thread] DEBUG MainWindow           - Scene size: 1920.0 x 1080.0
12:16:45.385 [JavaFX Application Thread] DEBUG MainWindow           - Stage size: 1936.0 x 1119.0
12:16:45.420 [ForkJoinPool.commonPool-worker-9] DEBUG FS                   - Loaded DesktopFSService
12:16:45.421 [ForkJoinPool.commonPool-worker-9] DEBUG FXGL                 - Loading FXGL system data
12:16:45.427 [ForkJoinPool.commonPool-worker-9] DEBUG DesktopFSService     - Reading from: system\fxgl.bundle
12:16:45.434 [ForkJoinPool.commonPool-worker-9] DEBUG Bundle               - Logging bundle: FXGL
12:16:45.435 [ForkJoinPool.commonPool-worker-9] DEBUG Bundle               - FXGL.offline.timer.version.check=2020-10-28T10:30:23.135
12:16:45.435 [ForkJoinPool.commonPool-worker-9] DEBUG FXGL                 - Initializing state machine and application states
12:16:45.437 [ForkJoinPool.commonPool-worker-9] DEBUG AssetLoader          - Loading from disk: /assets/ui/cursors/fxgl_default.png
12:16:45.445 [ForkJoinPool.commonPool-worker-9] DEBUG AssetLoader          - Loading from disk: /assets/ui/cursors/fxgl_default.png
12:16:45.451 [ForkJoinPool.commonPool-worker-9] DEBUG AssetLoader          - Loading from cache: /assets/ui/fonts/VarelaRound-Regular.ttf
12:16:45.453 [ForkJoinPool.commonPool-worker-9] DEBUG AssetLoader          - Loading from disk: /assets/ui/cursors/fxgl_default.png
12:16:45.455 [ForkJoinPool.commonPool-worker-9] DEBUG GameScene            - Game scene initialized: 1920x1080
12:16:45.461 [ForkJoinPool.commonPool-worker-9] DEBUG GameWorld            - Game world initialized
12:16:45.507 [ForkJoinPool.commonPool-worker-9] DEBUG PhysicsWorld         - Physics world initialized: appHeight=1080, physics.ppm=50,0
12:16:45.537 [ForkJoinPool.commonPool-worker-9] DEBUG Input                - Registered new binding: Pause - Esc
12:16:45.568 [JavaFX Application Thread] DEBUG FXGL                 - Running preInit()
12:16:45.569 [JavaFX Application Thread] DEBUG Input                - Registered new binding: Screenshot - P
12:16:45.570 [JavaFX Application Thread] DEBUG Input                - Registered new binding: Dev Options - CTRL+0
12:16:45.570 [JavaFX Application Thread] DEBUG Input                - Registered new binding: System info dump - CTRL+9
12:16:45.570 [JavaFX Application Thread] DEBUG Input                - Registered new binding: Restart - CTRL+R
12:16:45.571 [JavaFX Application Thread] DEBUG Input                - Registered new binding: Show grid - F
12:16:45.571 [JavaFX Application Thread] INFO  FXGL                 - FXGL initialization took: 0,864 sec
12:16:45.571 [JavaFX Application Thread] DEBUG LoopRunner           - Starting loop
12:16:45.572 [JavaFX Application Thread] DEBUG StartupState         - STARTUP
12:16:45.573 [JavaFX Application Thread] DEBUG GameApplication      - Starting new game
12:16:45.573 [JavaFX Application Thread] DEBUG Input                - Clearing active input actions
12:16:45.574 [JavaFX Application Thread] DEBUG AssetLoader          - Loading from disk: /assets/ui/css/fxgl_dark.css
12:16:45.578 [JavaFX Application Thread] DEBUG AppStateMachine      - StartupState -> LoadingState
12:16:45.582 [FXGL Background Thread 1 ] DEBUG InitAppTask          - Clearing previous game
12:16:45.582 [FXGL Background Thread 1 ] DEBUG GameWorld            - Clearing game world
12:16:45.582 [FXGL Background Thread 1 ] DEBUG PhysicsWorld         - Clearing physics world
12:16:45.582 [FXGL Background Thread 1 ] DEBUG GameScene            - Clearing game scene
12:16:45.583 [FXGL Background Thread 1 ] DEBUG InitAppTask          - Initializing Game
12:16:45.612 [FXGL Background Thread 1 ] DEBUG AssetLoader          - Loading from disk: /assets/textures/mapTest.png
12:16:45.636 [FXGL Background Thread 1 ] DEBUG GameScene            - Creating render group for layer: DEFAULT(100000)
12:16:45.638 [FXGL Background Thread 1 ] DEBUG AssetLoader          - Loading from disk: /assets/textures/down_hero1.png
12:16:45.640 [FXGL Background Thread 1 ] DEBUG AssetLoader          - Loading from disk: /assets/textures/Hero1_full.png
12:16:45.642 [FXGL Background Thread 1 ] DEBUG AssetLoader          - Loading from disk: /assets/textures/goblin_down.png
12:16:45.794 [FXGL Background Thread 1 ] DEBUG AudioPlayer          - Playing music com.almasb.fxgl.audio.Music@450aaf
12:16:45.794 [FXGL Background Thread 1 ] DEBUG InitAppTask          - Initializing Physics
12:16:45.794 [FXGL Background Thread 1 ] DEBUG InitAppTask          - Initializing UI
12:16:45.794 [FXGL Background Thread 1 ] DEBUG AssetLoader          - Loading from disk: /assets/ui/cursors/cursor.png
12:16:45.804 [FXGL Background Thread 1 ] DEBUG InitAppTask          - Initialization Complete
12:16:45.804 [FXGL Background Thread 1 ] INFO  InitAppTask          - Game initialization took: 0,223 sec
12:16:45.807 [JavaFX Application Thread] DEBUG Input                - Clearing active input actions
12:16:45.808 [JavaFX Application Thread] DEBUG AssetLoader          - Loading from disk: /assets/ui/css/fxgl_dark.css
12:16:45.811 [JavaFX Application Thread] DEBUG AppStateMachine      - LoadingState -> PlayState
12:16:55.653 [JavaFX Application Thread] DEBUG FXGL                 - Exiting FXGL
12:16:55.653 [JavaFX Application Thread] DEBUG FXGL                 - Shutting down background threads
12:16:55.654 [JavaFX Application Thread] DEBUG FXGL                 - Saving FXGL system data
12:16:55.658 [JavaFX Application Thread] DEBUG DesktopFSService     - Writing to: system\fxgl.bundle
12:16:55.662 [JavaFX Application Thread] DEBUG FXGL                 - Closing logger and exiting JavaFX
