12:09:37.186 [JavaFX Application Thread] DEBUG GameApplication      - Logger initialized
12:09:37.200 [JavaFX Application Thread] DEBUG GameApplication      - Logging settings
Title: Journey down the den
Version: 0.2
Width: 1920
Height: 1080
Fullscreen: true
Intro: false
Menus: false
Profiling: false
Single step:false
App Mode: DEVELOPER
Menu Key: ESCAPE
Stage Style: DECORATED
Scene Factory: class com.almasb.fxgl.scene.SceneFactory
Dialog Factory: class com.almasb.fxgl.ui.FXGLDialogFactory
UI Factory: class com.almasb.fxgl.ui.FXGLUIFactory
Notification Service: class com.almasb.fxgl.gameplay.notification.XboxNotificationView
Exception Handler: class com.almasb.fxgl.app.FXGLExceptionHandler
12:09:37.201 [JavaFX Application Thread] DEBUG GameApplication      - Starting FXGL
12:09:37.206 [JavaFX Application Thread] INFO  FXGL                 - FXGL-0.5.4 on DESKTOP
12:09:37.207 [JavaFX Application Thread] INFO  FXGL                 - Source code and latest versions at: https://github.com/AlmasB/FXGL
12:09:37.207 [JavaFX Application Thread] INFO  FXGL                 -              Join the FXGL chat at: https://gitter.im/AlmasB/FXGL
12:09:37.207 [JavaFX Application Thread] DEBUG FXGL                 - FXGL started
12:09:37.207 [JavaFX Application Thread] DEBUG FXGL                 - Initializing FXGL
12:09:37.260 [JavaFX Application Thread] DEBUG AssetLoader          - Loading from disk: /assets/ui/cursors/fxgl_default.png
12:09:37.336 [JavaFX Application Thread] DEBUG AssetLoader          - Loading from disk: /assets/ui/fonts/VarelaRound-Regular.ttf
12:09:37.684 [JavaFX Application Thread] DEBUG MainWindow           - Creating a JavaFX scene
12:09:37.713 [JavaFX Application Thread] DEBUG MainWindow           - Target settings size: 1920.0 x 1080.0
12:09:37.714 [JavaFX Application Thread] DEBUG MainWindow           - Scaled scene size:    1920.0 x 1080.0
12:09:37.714 [JavaFX Application Thread] DEBUG MainWindow           - Scaled ratio: (1.0, 1.0)
12:09:37.726 [JavaFX Application Thread] DEBUG AssetLoader          - Loading from disk: /assets/ui/css/fxgl_dark.css
12:09:37.729 [JavaFX Application Thread] DEBUG AssetLoader          - Loading from disk: /assets/textures/JDTD_icon.png
12:09:37.736 [JavaFX Application Thread] DEBUG MainWindow           - Opening main window
12:09:37.920 [JavaFX Application Thread] DEBUG MainWindow           - Window border size: (16.0, 39.0)
12:09:37.920 [JavaFX Application Thread] DEBUG MainWindow           - Scaled size: 1920.0 x 1080.0
12:09:37.920 [JavaFX Application Thread] DEBUG MainWindow           - Scaled ratio: (1.0, 1.0)
12:09:37.920 [JavaFX Application Thread] DEBUG MainWindow           - Scene size: 1920.0 x 1080.0
12:09:37.920 [JavaFX Application Thread] DEBUG MainWindow           - Stage size: 1936.0 x 1119.0
12:09:37.950 [ForkJoinPool.commonPool-worker-9] DEBUG FS                   - Loaded DesktopFSService
12:09:37.951 [ForkJoinPool.commonPool-worker-9] DEBUG FXGL                 - Loading FXGL system data
12:09:37.956 [ForkJoinPool.commonPool-worker-9] DEBUG DesktopFSService     - Reading from: system\fxgl.bundle
12:09:37.963 [ForkJoinPool.commonPool-worker-9] DEBUG Bundle               - Logging bundle: FXGL
12:09:37.964 [ForkJoinPool.commonPool-worker-9] DEBUG Bundle               - FXGL.offline.timer.version.check=2020-10-28T10:30:23.135
12:09:37.964 [ForkJoinPool.commonPool-worker-9] DEBUG FXGL                 - Initializing state machine and application states
12:09:37.966 [ForkJoinPool.commonPool-worker-9] DEBUG AssetLoader          - Loading from disk: /assets/ui/cursors/fxgl_default.png
12:09:37.972 [ForkJoinPool.commonPool-worker-9] DEBUG AssetLoader          - Loading from disk: /assets/ui/cursors/fxgl_default.png
12:09:37.982 [ForkJoinPool.commonPool-worker-9] DEBUG AssetLoader          - Loading from cache: /assets/ui/fonts/VarelaRound-Regular.ttf
12:09:37.984 [ForkJoinPool.commonPool-worker-9] DEBUG AssetLoader          - Loading from disk: /assets/ui/cursors/fxgl_default.png
12:09:37.986 [ForkJoinPool.commonPool-worker-9] DEBUG GameScene            - Game scene initialized: 1920x1080
12:09:37.992 [ForkJoinPool.commonPool-worker-9] DEBUG GameWorld            - Game world initialized
12:09:38.041 [ForkJoinPool.commonPool-worker-9] DEBUG PhysicsWorld         - Physics world initialized: appHeight=1080, physics.ppm=50,0
12:09:38.075 [ForkJoinPool.commonPool-worker-9] DEBUG Input                - Registered new binding: Pause - Esc
12:09:38.109 [JavaFX Application Thread] DEBUG FXGL                 - Running preInit()
12:09:38.111 [JavaFX Application Thread] DEBUG Input                - Registered new binding: Screenshot - P
12:09:38.111 [JavaFX Application Thread] DEBUG Input                - Registered new binding: Dev Options - CTRL+0
12:09:38.111 [JavaFX Application Thread] DEBUG Input                - Registered new binding: System info dump - CTRL+9
12:09:38.112 [JavaFX Application Thread] DEBUG Input                - Registered new binding: Restart - CTRL+R
12:09:38.112 [JavaFX Application Thread] DEBUG Input                - Registered new binding: Show grid - F
12:09:38.112 [JavaFX Application Thread] INFO  FXGL                 - FXGL initialization took: 0,905 sec
12:09:38.113 [JavaFX Application Thread] DEBUG LoopRunner           - Starting loop
12:09:38.114 [JavaFX Application Thread] DEBUG StartupState         - STARTUP
12:09:38.114 [JavaFX Application Thread] DEBUG GameApplication      - Starting new game
12:09:38.114 [JavaFX Application Thread] DEBUG Input                - Clearing active input actions
12:09:38.115 [JavaFX Application Thread] DEBUG AssetLoader          - Loading from disk: /assets/ui/css/fxgl_dark.css
12:09:38.119 [JavaFX Application Thread] DEBUG AppStateMachine      - StartupState -> LoadingState
12:09:38.124 [FXGL Background Thread 1 ] DEBUG InitAppTask          - Clearing previous game
12:09:38.124 [FXGL Background Thread 1 ] DEBUG GameWorld            - Clearing game world
12:09:38.124 [FXGL Background Thread 1 ] DEBUG PhysicsWorld         - Clearing physics world
12:09:38.124 [FXGL Background Thread 1 ] DEBUG GameScene            - Clearing game scene
12:09:38.125 [FXGL Background Thread 1 ] DEBUG InitAppTask          - Initializing Game
12:09:38.157 [FXGL Background Thread 1 ] DEBUG AssetLoader          - Loading from disk: /assets/textures/mapTest.png
12:09:38.182 [FXGL Background Thread 1 ] DEBUG GameScene            - Creating render group for layer: DEFAULT(100000)
12:09:38.183 [FXGL Background Thread 1 ] DEBUG AssetLoader          - Loading from disk: /assets/textures/down_hero1.png
12:09:38.186 [FXGL Background Thread 1 ] DEBUG AssetLoader          - Loading from disk: /assets/textures/Hero1_full.png
12:09:38.188 [FXGL Background Thread 1 ] DEBUG AssetLoader          - Loading from disk: /assets/textures/goblin_down.png
12:09:38.344 [FXGL Background Thread 1 ] DEBUG AudioPlayer          - Playing music com.almasb.fxgl.audio.Music@bc1faf
12:09:38.344 [FXGL Background Thread 1 ] DEBUG InitAppTask          - Initializing Physics
12:09:38.344 [FXGL Background Thread 1 ] DEBUG InitAppTask          - Initializing UI
12:09:38.344 [FXGL Background Thread 1 ] DEBUG AssetLoader          - Loading from disk: /assets/ui/cursors/cursor.png
12:09:38.348 [FXGL Background Thread 1 ] DEBUG InitAppTask          - Initialization Complete
12:09:38.348 [FXGL Background Thread 1 ] INFO  InitAppTask          - Game initialization took: 0,225 sec
12:09:38.354 [JavaFX Application Thread] DEBUG Input                - Clearing active input actions
12:09:38.354 [JavaFX Application Thread] DEBUG AssetLoader          - Loading from disk: /assets/ui/css/fxgl_dark.css
12:09:38.359 [JavaFX Application Thread] DEBUG AppStateMachine      - LoadingState -> PlayState
12:09:52.812 [JavaFX Application Thread] DEBUG FXGL                 - Exiting FXGL
12:09:52.812 [JavaFX Application Thread] DEBUG FXGL                 - Shutting down background threads
12:09:52.812 [JavaFX Application Thread] DEBUG FXGL                 - Saving FXGL system data
12:09:52.814 [JavaFX Application Thread] DEBUG DesktopFSService     - Writing to: system\fxgl.bundle
12:09:52.817 [JavaFX Application Thread] DEBUG FXGL                 - Closing logger and exiting JavaFX
