15:31:03.869 [JavaFX Application Thread] DEBUG GameApplication      - Logger initialized
15:31:03.881 [JavaFX Application Thread] DEBUG GameApplication      - Logging settings
Title: Journey down the den
Version: 0.1
Width: 1920
Height: 1080
Fullscreen: true
Intro: false
Menus: false
Profiling: false
Single step:false
App Mode: DEVELOPER
Menu Key: ESCAPE
Stage Style: DECORATED
Scene Factory: class com.almasb.fxgl.scene.SceneFactory
Dialog Factory: class com.almasb.fxgl.ui.FXGLDialogFactory
UI Factory: class com.almasb.fxgl.ui.FXGLUIFactory
Notification Service: class com.almasb.fxgl.gameplay.notification.XboxNotificationView
Exception Handler: class com.almasb.fxgl.app.FXGLExceptionHandler
15:31:03.881 [JavaFX Application Thread] DEBUG GameApplication      - Starting FXGL
15:31:03.887 [JavaFX Application Thread] INFO  FXGL                 - FXGL-0.5.4 on DESKTOP
15:31:03.887 [JavaFX Application Thread] INFO  FXGL                 - Source code and latest versions at: https://github.com/AlmasB/FXGL
15:31:03.887 [JavaFX Application Thread] INFO  FXGL                 -              Join the FXGL chat at: https://gitter.im/AlmasB/FXGL
15:31:03.888 [JavaFX Application Thread] DEBUG FXGL                 - FXGL started
15:31:03.888 [JavaFX Application Thread] DEBUG FXGL                 - Initializing FXGL
15:31:03.940 [JavaFX Application Thread] DEBUG AssetLoader          - Loading from disk: /assets/ui/cursors/fxgl_default.png
15:31:04.030 [JavaFX Application Thread] DEBUG AssetLoader          - Loading from disk: /assets/ui/fonts/VarelaRound-Regular.ttf
15:31:04.376 [JavaFX Application Thread] DEBUG MainWindow           - Creating a JavaFX scene
15:31:04.408 [JavaFX Application Thread] DEBUG MainWindow           - Target settings size: 1920.0 x 1080.0
15:31:04.408 [JavaFX Application Thread] DEBUG MainWindow           - Scaled scene size:    1920.0 x 1080.0
15:31:04.408 [JavaFX Application Thread] DEBUG MainWindow           - Scaled ratio: (1.0, 1.0)
15:31:04.418 [JavaFX Application Thread] DEBUG AssetLoader          - Loading from disk: /assets/ui/css/fxgl_dark.css
15:31:04.424 [JavaFX Application Thread] DEBUG AssetLoader          - Loading from disk: /assets/textures/fxgl_icon.png
15:31:04.431 [JavaFX Application Thread] DEBUG MainWindow           - Opening main window
15:31:04.610 [JavaFX Application Thread] DEBUG MainWindow           - Window border size: (16.0, 20.0)
15:31:04.610 [JavaFX Application Thread] DEBUG MainWindow           - Scaled size: 1920.0 x 1080.0
15:31:04.610 [JavaFX Application Thread] DEBUG MainWindow           - Scaled ratio: (1.0, 1.0)
15:31:04.610 [JavaFX Application Thread] DEBUG MainWindow           - Scene size: 1920.0 x 1080.0
15:31:04.610 [JavaFX Application Thread] DEBUG MainWindow           - Stage size: 1936.0 x 1100.0
15:31:04.640 [ForkJoinPool.commonPool-worker-9] DEBUG FS                   - Loaded DesktopFSService
15:31:04.640 [ForkJoinPool.commonPool-worker-9] DEBUG FXGL                 - Loading FXGL system data
15:31:04.644 [ForkJoinPool.commonPool-worker-9] DEBUG DesktopFSService     - Reading from: system\fxgl.bundle
15:31:04.648 [ForkJoinPool.commonPool-worker-9] DEBUG Bundle               - Logging bundle: FXGL
15:31:04.649 [ForkJoinPool.commonPool-worker-9] DEBUG Bundle               - FXGL.offline.timer.version.check=2020-10-14T00:11:39.825
15:31:04.649 [ForkJoinPool.commonPool-worker-9] DEBUG FXGL                 - Initializing state machine and application states
15:31:04.651 [ForkJoinPool.commonPool-worker-9] DEBUG AssetLoader          - Loading from disk: /assets/ui/cursors/fxgl_default.png
15:31:04.655 [ForkJoinPool.commonPool-worker-9] DEBUG AssetLoader          - Loading from disk: /assets/ui/cursors/fxgl_default.png
15:31:04.664 [ForkJoinPool.commonPool-worker-9] DEBUG AssetLoader          - Loading from cache: /assets/ui/fonts/VarelaRound-Regular.ttf
15:31:04.667 [ForkJoinPool.commonPool-worker-9] DEBUG AssetLoader          - Loading from disk: /assets/ui/cursors/fxgl_default.png
15:31:04.669 [ForkJoinPool.commonPool-worker-9] DEBUG GameScene            - Game scene initialized: 1920x1080
15:31:04.674 [ForkJoinPool.commonPool-worker-9] DEBUG GameWorld            - Game world initialized
15:31:04.717 [ForkJoinPool.commonPool-worker-9] DEBUG PhysicsWorld         - Physics world initialized: appHeight=1080, physics.ppm=50,0
15:31:04.733 [ForkJoinPool.commonPool-worker-9] DEBUG Input                - Registered new binding: Pause - Esc
15:31:04.767 [JavaFX Application Thread] DEBUG FXGL                 - Running preInit()
15:31:04.768 [JavaFX Application Thread] DEBUG Input                - Registered new binding: Screenshot - P
15:31:04.769 [JavaFX Application Thread] DEBUG Input                - Registered new binding: Dev Options - CTRL+0
15:31:04.769 [JavaFX Application Thread] DEBUG Input                - Registered new binding: System info dump - CTRL+9
15:31:04.770 [JavaFX Application Thread] DEBUG Input                - Registered new binding: Restart - CTRL+R
15:31:04.770 [JavaFX Application Thread] DEBUG Input                - Registered new binding: Move Right - D
15:31:04.770 [JavaFX Application Thread] DEBUG Input                - Registered new binding: Move Left - Q
15:31:04.770 [JavaFX Application Thread] DEBUG Input                - Registered new binding: Move Up - Z
15:31:04.770 [JavaFX Application Thread] DEBUG Input                - Registered new binding: Move Down - S
15:31:04.771 [JavaFX Application Thread] INFO  FXGL                 - FXGL initialization took: 0,883 sec
15:31:04.771 [JavaFX Application Thread] DEBUG LoopRunner           - Starting loop
15:31:04.772 [JavaFX Application Thread] DEBUG StartupState         - STARTUP
15:31:04.772 [JavaFX Application Thread] DEBUG GameApplication      - Starting new game
15:31:04.772 [JavaFX Application Thread] DEBUG Input                - Clearing active input actions
15:31:04.773 [JavaFX Application Thread] DEBUG AssetLoader          - Loading from disk: /assets/ui/css/fxgl_dark.css
15:31:04.778 [JavaFX Application Thread] DEBUG AppStateMachine      - StartupState -> LoadingState
15:31:04.783 [FXGL Background Thread 1 ] DEBUG InitAppTask          - Clearing previous game
15:31:04.783 [FXGL Background Thread 1 ] DEBUG GameWorld            - Clearing game world
15:31:04.783 [FXGL Background Thread 1 ] DEBUG PhysicsWorld         - Clearing physics world
15:31:04.783 [FXGL Background Thread 1 ] DEBUG GameScene            - Clearing game scene
15:31:04.784 [FXGL Background Thread 1 ] DEBUG InitAppTask          - Initializing Game
15:31:04.810 [FXGL Background Thread 1 ] DEBUG AssetLoader          - Loading from disk: /assets/textures/mapTest.png
15:31:04.835 [FXGL Background Thread 1 ] DEBUG GameScene            - Creating render group for layer: DEFAULT(100000)
15:31:04.837 [FXGL Background Thread 1 ] DEBUG AssetLoader          - Loading from disk: /assets/textures/down_character.png
15:31:05.209 [FXGL Background Thread 1 ] DEBUG AudioPlayer          - Playing music com.almasb.fxgl.audio.Music@1638d9d
15:31:05.211 [FXGL Background Thread 1 ] DEBUG InitAppTask          - Initializing Physics
15:31:05.212 [FXGL Background Thread 1 ] DEBUG InitAppTask          - Initializing UI
15:31:05.212 [FXGL Background Thread 1 ] DEBUG AssetLoader          - Loading from cache: /assets/ui/fonts/VarelaRound-Regular.ttf
15:31:05.212 [FXGL Background Thread 1 ] DEBUG AssetLoader          - Loading from disk: /assets/ui/cursors/cursor.png
15:31:05.215 [FXGL Background Thread 1 ] DEBUG InitAppTask          - Initialization Complete
15:31:05.215 [FXGL Background Thread 1 ] INFO  InitAppTask          - Game initialization took: 0,434 sec
15:31:05.218 [JavaFX Application Thread] DEBUG Input                - Clearing active input actions
15:31:05.218 [JavaFX Application Thread] DEBUG AssetLoader          - Loading from disk: /assets/ui/css/fxgl_dark.css
15:31:05.278 [JavaFX Application Thread] DEBUG AppStateMachine      - LoadingState -> PlayState
15:31:30.961 [JavaFX Application Thread] DEBUG FXGL                 - Exiting FXGL
15:31:30.961 [JavaFX Application Thread] DEBUG FXGL                 - Shutting down background threads
15:31:30.961 [JavaFX Application Thread] DEBUG FXGL                 - Saving FXGL system data
15:31:30.963 [JavaFX Application Thread] DEBUG DesktopFSService     - Writing to: system\fxgl.bundle
15:31:30.966 [JavaFX Application Thread] DEBUG FXGL                 - Closing logger and exiting JavaFX
