15:29:59.090 [JavaFX Application Thread] DEBUG GameApplication      - Logger initialized
15:29:59.103 [JavaFX Application Thread] DEBUG GameApplication      - Logging settings
Title: Journey down the den
Version: 0.1
Width: 1920
Height: 1080
Fullscreen: true
Intro: false
Menus: false
Profiling: false
Single step:false
App Mode: DEVELOPER
Menu Key: ESCAPE
Stage Style: DECORATED
Scene Factory: class com.almasb.fxgl.scene.SceneFactory
Dialog Factory: class com.almasb.fxgl.ui.FXGLDialogFactory
UI Factory: class com.almasb.fxgl.ui.FXGLUIFactory
Notification Service: class com.almasb.fxgl.gameplay.notification.XboxNotificationView
Exception Handler: class com.almasb.fxgl.app.FXGLExceptionHandler
15:29:59.103 [JavaFX Application Thread] DEBUG GameApplication      - Starting FXGL
15:29:59.109 [JavaFX Application Thread] INFO  FXGL                 - FXGL-0.5.4 on DESKTOP
15:29:59.109 [JavaFX Application Thread] INFO  FXGL                 - Source code and latest versions at: https://github.com/AlmasB/FXGL
15:29:59.109 [JavaFX Application Thread] INFO  FXGL                 -              Join the FXGL chat at: https://gitter.im/AlmasB/FXGL
15:29:59.109 [JavaFX Application Thread] DEBUG FXGL                 - FXGL started
15:29:59.110 [JavaFX Application Thread] DEBUG FXGL                 - Initializing FXGL
15:29:59.162 [JavaFX Application Thread] DEBUG AssetLoader          - Loading from disk: /assets/ui/cursors/fxgl_default.png
15:29:59.234 [JavaFX Application Thread] DEBUG AssetLoader          - Loading from disk: /assets/ui/fonts/VarelaRound-Regular.ttf
15:29:59.586 [JavaFX Application Thread] DEBUG MainWindow           - Creating a JavaFX scene
15:29:59.613 [JavaFX Application Thread] DEBUG MainWindow           - Target settings size: 1920.0 x 1080.0
15:29:59.613 [JavaFX Application Thread] DEBUG MainWindow           - Scaled scene size:    1920.0 x 1080.0
15:29:59.613 [JavaFX Application Thread] DEBUG MainWindow           - Scaled ratio: (1.0, 1.0)
15:29:59.625 [JavaFX Application Thread] DEBUG AssetLoader          - Loading from disk: /assets/ui/css/fxgl_dark.css
15:29:59.629 [JavaFX Application Thread] DEBUG AssetLoader          - Loading from disk: /assets/textures/fxgl_icon.png
15:29:59.636 [JavaFX Application Thread] DEBUG MainWindow           - Opening main window
15:29:59.817 [JavaFX Application Thread] DEBUG MainWindow           - Window border size: (16.0, 20.0)
15:29:59.818 [JavaFX Application Thread] DEBUG MainWindow           - Scaled size: 1920.0 x 1080.0
15:29:59.818 [JavaFX Application Thread] DEBUG MainWindow           - Scaled ratio: (1.0, 1.0)
15:29:59.818 [JavaFX Application Thread] DEBUG MainWindow           - Scene size: 1920.0 x 1080.0
15:29:59.818 [JavaFX Application Thread] DEBUG MainWindow           - Stage size: 1936.0 x 1100.0
15:29:59.847 [ForkJoinPool.commonPool-worker-9] DEBUG FS                   - Loaded DesktopFSService
15:29:59.847 [ForkJoinPool.commonPool-worker-9] DEBUG FXGL                 - Loading FXGL system data
15:29:59.850 [ForkJoinPool.commonPool-worker-9] DEBUG DesktopFSService     - Reading from: system\fxgl.bundle
15:29:59.855 [ForkJoinPool.commonPool-worker-9] DEBUG Bundle               - Logging bundle: FXGL
15:29:59.856 [ForkJoinPool.commonPool-worker-9] DEBUG Bundle               - FXGL.offline.timer.version.check=2020-10-14T00:11:39.825
15:29:59.856 [ForkJoinPool.commonPool-worker-9] DEBUG FXGL                 - Initializing state machine and application states
15:29:59.858 [ForkJoinPool.commonPool-worker-9] DEBUG AssetLoader          - Loading from disk: /assets/ui/cursors/fxgl_default.png
15:29:59.862 [ForkJoinPool.commonPool-worker-9] DEBUG AssetLoader          - Loading from disk: /assets/ui/cursors/fxgl_default.png
15:29:59.870 [ForkJoinPool.commonPool-worker-9] DEBUG AssetLoader          - Loading from cache: /assets/ui/fonts/VarelaRound-Regular.ttf
15:29:59.873 [ForkJoinPool.commonPool-worker-9] DEBUG AssetLoader          - Loading from disk: /assets/ui/cursors/fxgl_default.png
15:29:59.875 [ForkJoinPool.commonPool-worker-9] DEBUG GameScene            - Game scene initialized: 1920x1080
15:29:59.880 [ForkJoinPool.commonPool-worker-9] DEBUG GameWorld            - Game world initialized
15:29:59.924 [ForkJoinPool.commonPool-worker-9] DEBUG PhysicsWorld         - Physics world initialized: appHeight=1080, physics.ppm=50,0
15:29:59.941 [ForkJoinPool.commonPool-worker-9] DEBUG Input                - Registered new binding: Pause - Esc
15:29:59.978 [JavaFX Application Thread] DEBUG FXGL                 - Running preInit()
15:29:59.979 [JavaFX Application Thread] DEBUG Input                - Registered new binding: Screenshot - P
15:29:59.980 [JavaFX Application Thread] DEBUG Input                - Registered new binding: Dev Options - CTRL+0
15:29:59.980 [JavaFX Application Thread] DEBUG Input                - Registered new binding: System info dump - CTRL+9
15:29:59.980 [JavaFX Application Thread] DEBUG Input                - Registered new binding: Restart - CTRL+R
15:29:59.981 [JavaFX Application Thread] DEBUG Input                - Registered new binding: Move Right - D
15:29:59.981 [JavaFX Application Thread] DEBUG Input                - Registered new binding: Move Left - Q
15:29:59.981 [JavaFX Application Thread] DEBUG Input                - Registered new binding: Move Up - Z
15:29:59.981 [JavaFX Application Thread] DEBUG Input                - Registered new binding: Move Down - S
15:29:59.982 [JavaFX Application Thread] INFO  FXGL                 - FXGL initialization took: 0,872 sec
15:29:59.982 [JavaFX Application Thread] DEBUG LoopRunner           - Starting loop
15:29:59.983 [JavaFX Application Thread] DEBUG StartupState         - STARTUP
15:29:59.983 [JavaFX Application Thread] DEBUG GameApplication      - Starting new game
15:29:59.983 [JavaFX Application Thread] DEBUG Input                - Clearing active input actions
15:29:59.984 [JavaFX Application Thread] DEBUG AssetLoader          - Loading from disk: /assets/ui/css/fxgl_dark.css
15:29:59.988 [JavaFX Application Thread] DEBUG AppStateMachine      - StartupState -> LoadingState
15:29:59.992 [FXGL Background Thread 1 ] DEBUG InitAppTask          - Clearing previous game
15:29:59.992 [FXGL Background Thread 1 ] DEBUG GameWorld            - Clearing game world
15:29:59.992 [FXGL Background Thread 1 ] DEBUG PhysicsWorld         - Clearing physics world
15:29:59.993 [FXGL Background Thread 1 ] DEBUG GameScene            - Clearing game scene
15:29:59.993 [FXGL Background Thread 1 ] DEBUG InitAppTask          - Initializing Game
15:30:00.023 [FXGL Background Thread 1 ] DEBUG AssetLoader          - Loading from disk: /assets/textures/mapTest.png
15:30:00.047 [FXGL Background Thread 1 ] DEBUG GameScene            - Creating render group for layer: DEFAULT(100000)
15:30:00.049 [FXGL Background Thread 1 ] DEBUG AssetLoader          - Loading from disk: /assets/textures/down_character.png
15:30:00.437 [FXGL Background Thread 1 ] DEBUG AudioPlayer          - Playing music com.almasb.fxgl.audio.Music@17d876d
15:30:00.438 [FXGL Background Thread 1 ] DEBUG InitAppTask          - Initializing Physics
15:30:00.439 [FXGL Background Thread 1 ] DEBUG InitAppTask          - Initializing UI
15:30:00.439 [FXGL Background Thread 1 ] DEBUG AssetLoader          - Loading from cache: /assets/ui/fonts/VarelaRound-Regular.ttf
15:30:00.439 [FXGL Background Thread 1 ] DEBUG AssetLoader          - Loading from disk: /assets/ui/cursors/cursor.png
15:30:00.442 [FXGL Background Thread 1 ] DEBUG InitAppTask          - Initialization Complete
15:30:00.443 [FXGL Background Thread 1 ] INFO  InitAppTask          - Game initialization took: 0,450 sec
15:30:00.471 [JavaFX Application Thread] DEBUG Input                - Clearing active input actions
15:30:00.472 [JavaFX Application Thread] DEBUG AssetLoader          - Loading from disk: /assets/ui/css/fxgl_dark.css
15:30:00.509 [JavaFX Application Thread] DEBUG AppStateMachine      - LoadingState -> PlayState
15:30:11.285 [JavaFX Application Thread] DEBUG AssetLoader          - Loading from disk: /assets/textures/right_character.png
15:30:11.296 [JavaFX Application Thread] DEBUG AssetLoader          - Loading from cache: /assets/textures/right_character.png
15:30:11.302 [JavaFX Application Thread] DEBUG AssetLoader          - Loading from cache: /assets/textures/right_character.png
15:30:11.311 [JavaFX Application Thread] DEBUG AssetLoader          - Loading from cache: /assets/textures/right_character.png
15:30:11.317 [JavaFX Application Thread] DEBUG AssetLoader          - Loading from cache: /assets/textures/right_character.png
15:30:11.324 [JavaFX Application Thread] DEBUG AssetLoader          - Loading from cache: /assets/textures/right_character.png
15:30:11.332 [JavaFX Application Thread] DEBUG AssetLoader          - Loading from cache: /assets/textures/right_character.png
15:30:11.339 [JavaFX Application Thread] DEBUG AssetLoader          - Loading from cache: /assets/textures/right_character.png
15:30:11.345 [JavaFX Application Thread] DEBUG AssetLoader          - Loading from cache: /assets/textures/right_character.png
15:30:11.349 [JavaFX Application Thread] DEBUG AssetLoader          - Loading from cache: /assets/textures/right_character.png
15:30:11.359 [JavaFX Application Thread] DEBUG AssetLoader          - Loading from cache: /assets/textures/right_character.png
15:30:11.365 [JavaFX Application Thread] DEBUG AssetLoader          - Loading from cache: /assets/textures/right_character.png
15:30:11.372 [JavaFX Application Thread] DEBUG AssetLoader          - Loading from cache: /assets/textures/right_character.png
15:30:11.380 [JavaFX Application Thread] DEBUG AssetLoader          - Loading from cache: /assets/textures/right_character.png
15:30:11.386 [JavaFX Application Thread] DEBUG AssetLoader          - Loading from cache: /assets/textures/right_character.png
15:30:11.393 [JavaFX Application Thread] DEBUG AssetLoader          - Loading from cache: /assets/textures/right_character.png
15:30:11.397 [JavaFX Application Thread] DEBUG AssetLoader          - Loading from cache: /assets/textures/right_character.png
15:30:11.407 [JavaFX Application Thread] DEBUG AssetLoader          - Loading from cache: /assets/textures/right_character.png
15:30:11.413 [JavaFX Application Thread] DEBUG AssetLoader          - Loading from cache: /assets/textures/right_character.png
15:30:12.069 [JavaFX Application Thread] DEBUG AssetLoader          - Loading from cache: /assets/textures/down_character.png
15:30:12.072 [JavaFX Application Thread] DEBUG AssetLoader          - Loading from cache: /assets/textures/down_character.png
15:30:12.075 [JavaFX Application Thread] DEBUG AssetLoader          - Loading from cache: /assets/textures/down_character.png
15:30:12.081 [JavaFX Application Thread] DEBUG AssetLoader          - Loading from cache: /assets/textures/down_character.png
15:30:12.086 [JavaFX Application Thread] DEBUG AssetLoader          - Loading from cache: /assets/textures/down_character.png
15:30:12.095 [JavaFX Application Thread] DEBUG AssetLoader          - Loading from cache: /assets/textures/down_character.png
15:30:12.101 [JavaFX Application Thread] DEBUG AssetLoader          - Loading from cache: /assets/textures/down_character.png
15:30:12.109 [JavaFX Application Thread] DEBUG AssetLoader          - Loading from cache: /assets/textures/down_character.png
15:30:12.116 [JavaFX Application Thread] DEBUG AssetLoader          - Loading from cache: /assets/textures/down_character.png
15:30:12.123 [JavaFX Application Thread] DEBUG AssetLoader          - Loading from cache: /assets/textures/down_character.png
15:30:12.130 [JavaFX Application Thread] DEBUG AssetLoader          - Loading from cache: /assets/textures/down_character.png
15:30:12.133 [JavaFX Application Thread] DEBUG AssetLoader          - Loading from cache: /assets/textures/down_character.png
15:30:12.144 [JavaFX Application Thread] DEBUG AssetLoader          - Loading from cache: /assets/textures/down_character.png
15:30:12.150 [JavaFX Application Thread] DEBUG AssetLoader          - Loading from cache: /assets/textures/down_character.png
15:30:12.157 [JavaFX Application Thread] DEBUG AssetLoader          - Loading from cache: /assets/textures/down_character.png
15:30:12.164 [JavaFX Application Thread] DEBUG AssetLoader          - Loading from cache: /assets/textures/down_character.png
15:30:12.171 [JavaFX Application Thread] DEBUG AssetLoader          - Loading from cache: /assets/textures/down_character.png
15:30:12.178 [JavaFX Application Thread] DEBUG AssetLoader          - Loading from cache: /assets/textures/down_character.png
15:30:12.182 [JavaFX Application Thread] DEBUG AssetLoader          - Loading from cache: /assets/textures/down_character.png
15:30:12.192 [JavaFX Application Thread] DEBUG AssetLoader          - Loading from cache: /assets/textures/down_character.png
15:30:12.198 [JavaFX Application Thread] DEBUG AssetLoader          - Loading from cache: /assets/textures/down_character.png
15:30:12.198 [JavaFX Application Thread] DEBUG AssetLoader          - Loading from cache: /assets/textures/right_character.png
15:30:12.206 [JavaFX Application Thread] DEBUG AssetLoader          - Loading from cache: /assets/textures/down_character.png
15:30:12.206 [JavaFX Application Thread] DEBUG AssetLoader          - Loading from cache: /assets/textures/right_character.png
15:30:12.213 [JavaFX Application Thread] DEBUG AssetLoader          - Loading from cache: /assets/textures/down_character.png
15:30:12.214 [JavaFX Application Thread] DEBUG AssetLoader          - Loading from cache: /assets/textures/right_character.png
15:30:12.220 [JavaFX Application Thread] DEBUG AssetLoader          - Loading from cache: /assets/textures/down_character.png
15:30:12.221 [JavaFX Application Thread] DEBUG AssetLoader          - Loading from cache: /assets/textures/right_character.png
15:30:12.227 [JavaFX Application Thread] DEBUG AssetLoader          - Loading from cache: /assets/textures/down_character.png
15:30:12.227 [JavaFX Application Thread] DEBUG AssetLoader          - Loading from cache: /assets/textures/right_character.png
15:30:12.230 [JavaFX Application Thread] DEBUG AssetLoader          - Loading from cache: /assets/textures/down_character.png
15:30:12.230 [JavaFX Application Thread] DEBUG AssetLoader          - Loading from cache: /assets/textures/right_character.png
15:30:12.241 [JavaFX Application Thread] DEBUG AssetLoader          - Loading from cache: /assets/textures/down_character.png
15:30:12.242 [JavaFX Application Thread] DEBUG AssetLoader          - Loading from cache: /assets/textures/right_character.png
15:30:12.246 [JavaFX Application Thread] DEBUG AssetLoader          - Loading from cache: /assets/textures/down_character.png
15:30:12.246 [JavaFX Application Thread] DEBUG AssetLoader          - Loading from cache: /assets/textures/right_character.png
15:30:12.255 [JavaFX Application Thread] DEBUG AssetLoader          - Loading from cache: /assets/textures/down_character.png
15:30:12.256 [JavaFX Application Thread] DEBUG AssetLoader          - Loading from cache: /assets/textures/right_character.png
15:30:12.262 [JavaFX Application Thread] DEBUG AssetLoader          - Loading from cache: /assets/textures/down_character.png
15:30:12.262 [JavaFX Application Thread] DEBUG AssetLoader          - Loading from cache: /assets/textures/right_character.png
15:30:12.269 [JavaFX Application Thread] DEBUG AssetLoader          - Loading from cache: /assets/textures/down_character.png
15:30:12.270 [JavaFX Application Thread] DEBUG AssetLoader          - Loading from cache: /assets/textures/right_character.png
15:30:12.275 [JavaFX Application Thread] DEBUG AssetLoader          - Loading from cache: /assets/textures/down_character.png
15:30:12.275 [JavaFX Application Thread] DEBUG AssetLoader          - Loading from cache: /assets/textures/right_character.png
15:30:12.282 [JavaFX Application Thread] DEBUG AssetLoader          - Loading from cache: /assets/textures/down_character.png
15:30:12.282 [JavaFX Application Thread] DEBUG AssetLoader          - Loading from cache: /assets/textures/right_character.png
15:30:12.289 [JavaFX Application Thread] DEBUG AssetLoader          - Loading from cache: /assets/textures/down_character.png
15:30:12.290 [JavaFX Application Thread] DEBUG AssetLoader          - Loading from cache: /assets/textures/right_character.png
15:30:12.293 [JavaFX Application Thread] DEBUG AssetLoader          - Loading from cache: /assets/textures/down_character.png
15:30:12.293 [JavaFX Application Thread] DEBUG AssetLoader          - Loading from cache: /assets/textures/right_character.png
15:30:12.303 [JavaFX Application Thread] DEBUG AssetLoader          - Loading from cache: /assets/textures/down_character.png
15:30:12.304 [JavaFX Application Thread] DEBUG AssetLoader          - Loading from cache: /assets/textures/right_character.png
15:30:12.309 [JavaFX Application Thread] DEBUG AssetLoader          - Loading from cache: /assets/textures/right_character.png
15:30:12.317 [JavaFX Application Thread] DEBUG AssetLoader          - Loading from cache: /assets/textures/right_character.png
15:30:12.324 [JavaFX Application Thread] DEBUG AssetLoader          - Loading from cache: /assets/textures/right_character.png
15:30:12.331 [JavaFX Application Thread] DEBUG AssetLoader          - Loading from cache: /assets/textures/right_character.png
15:30:12.338 [JavaFX Application Thread] DEBUG AssetLoader          - Loading from cache: /assets/textures/right_character.png
15:30:12.341 [JavaFX Application Thread] DEBUG AssetLoader          - Loading from cache: /assets/textures/right_character.png
15:30:12.352 [JavaFX Application Thread] DEBUG AssetLoader          - Loading from cache: /assets/textures/right_character.png
15:30:12.358 [JavaFX Application Thread] DEBUG AssetLoader          - Loading from cache: /assets/textures/right_character.png
15:30:12.366 [JavaFX Application Thread] DEBUG AssetLoader          - Loading from cache: /assets/textures/right_character.png
15:30:12.373 [JavaFX Application Thread] DEBUG AssetLoader          - Loading from cache: /assets/textures/right_character.png
15:30:12.379 [JavaFX Application Thread] DEBUG AssetLoader          - Loading from cache: /assets/textures/right_character.png
15:30:12.386 [JavaFX Application Thread] DEBUG AssetLoader          - Loading from cache: /assets/textures/right_character.png
15:30:12.394 [JavaFX Application Thread] DEBUG AssetLoader          - Loading from cache: /assets/textures/right_character.png
15:30:12.401 [JavaFX Application Thread] DEBUG AssetLoader          - Loading from cache: /assets/textures/right_character.png
15:30:12.405 [JavaFX Application Thread] DEBUG AssetLoader          - Loading from cache: /assets/textures/right_character.png
15:30:15.042 [JavaFX Application Thread] DEBUG FXGL                 - Exiting FXGL
15:30:15.042 [JavaFX Application Thread] DEBUG FXGL                 - Shutting down background threads
15:30:15.042 [JavaFX Application Thread] DEBUG FXGL                 - Saving FXGL system data
15:30:15.045 [JavaFX Application Thread] DEBUG DesktopFSService     - Writing to: system\fxgl.bundle
15:30:15.049 [JavaFX Application Thread] DEBUG FXGL                 - Closing logger and exiting JavaFX
