12:10:41.680 [JavaFX Application Thread] DEBUG GameApplication      - Logger initialized
12:10:41.697 [JavaFX Application Thread] DEBUG GameApplication      - Logging settings
Title: Journey down the den
Version: 0.2
Width: 1920
Height: 1080
Fullscreen: true
Intro: false
Menus: false
Profiling: false
Single step:false
App Mode: DEVELOPER
Menu Key: ESCAPE
Stage Style: DECORATED
Scene Factory: class com.almasb.fxgl.scene.SceneFactory
Dialog Factory: class com.almasb.fxgl.ui.FXGLDialogFactory
UI Factory: class com.almasb.fxgl.ui.FXGLUIFactory
Notification Service: class com.almasb.fxgl.gameplay.notification.XboxNotificationView
Exception Handler: class com.almasb.fxgl.app.FXGLExceptionHandler
12:10:41.697 [JavaFX Application Thread] DEBUG GameApplication      - Starting FXGL
12:10:41.706 [JavaFX Application Thread] INFO  FXGL                 - FXGL-0.5.4 on DESKTOP
12:10:41.706 [JavaFX Application Thread] INFO  FXGL                 - Source code and latest versions at: https://github.com/AlmasB/FXGL
12:10:41.706 [JavaFX Application Thread] INFO  FXGL                 -              Join the FXGL chat at: https://gitter.im/AlmasB/FXGL
12:10:41.707 [JavaFX Application Thread] DEBUG FXGL                 - FXGL started
12:10:41.707 [JavaFX Application Thread] DEBUG FXGL                 - Initializing FXGL
12:10:41.762 [JavaFX Application Thread] DEBUG AssetLoader          - Loading from disk: /assets/ui/cursors/fxgl_default.png
12:10:41.834 [JavaFX Application Thread] DEBUG AssetLoader          - Loading from disk: /assets/ui/fonts/VarelaRound-Regular.ttf
12:10:42.186 [JavaFX Application Thread] DEBUG MainWindow           - Creating a JavaFX scene
12:10:42.218 [JavaFX Application Thread] DEBUG MainWindow           - Target settings size: 1920.0 x 1080.0
12:10:42.218 [JavaFX Application Thread] DEBUG MainWindow           - Scaled scene size:    1920.0 x 1080.0
12:10:42.219 [JavaFX Application Thread] DEBUG MainWindow           - Scaled ratio: (1.0, 1.0)
12:10:42.231 [JavaFX Application Thread] DEBUG AssetLoader          - Loading from disk: /assets/ui/css/fxgl_dark.css
12:10:42.234 [JavaFX Application Thread] DEBUG AssetLoader          - Loading from disk: /assets/textures/JDTD_icon.png
12:10:42.242 [JavaFX Application Thread] DEBUG MainWindow           - Opening main window
12:10:42.442 [JavaFX Application Thread] DEBUG MainWindow           - Window border size: (16.0, 39.0)
12:10:42.443 [JavaFX Application Thread] DEBUG MainWindow           - Scaled size: 1920.0 x 1080.0
12:10:42.443 [JavaFX Application Thread] DEBUG MainWindow           - Scaled ratio: (1.0, 1.0)
12:10:42.443 [JavaFX Application Thread] DEBUG MainWindow           - Scene size: 1920.0 x 1080.0
12:10:42.443 [JavaFX Application Thread] DEBUG MainWindow           - Stage size: 1936.0 x 1119.0
12:10:42.476 [ForkJoinPool.commonPool-worker-9] DEBUG FS                   - Loaded DesktopFSService
12:10:42.477 [ForkJoinPool.commonPool-worker-9] DEBUG FXGL                 - Loading FXGL system data
12:10:42.483 [ForkJoinPool.commonPool-worker-9] DEBUG DesktopFSService     - Reading from: system\fxgl.bundle
12:10:42.490 [ForkJoinPool.commonPool-worker-9] DEBUG Bundle               - Logging bundle: FXGL
12:10:42.491 [ForkJoinPool.commonPool-worker-9] DEBUG Bundle               - FXGL.offline.timer.version.check=2020-10-28T10:30:23.135
12:10:42.492 [ForkJoinPool.commonPool-worker-9] DEBUG FXGL                 - Initializing state machine and application states
12:10:42.494 [ForkJoinPool.commonPool-worker-9] DEBUG AssetLoader          - Loading from disk: /assets/ui/cursors/fxgl_default.png
12:10:42.498 [ForkJoinPool.commonPool-worker-9] DEBUG AssetLoader          - Loading from disk: /assets/ui/cursors/fxgl_default.png
12:10:42.509 [ForkJoinPool.commonPool-worker-9] DEBUG AssetLoader          - Loading from cache: /assets/ui/fonts/VarelaRound-Regular.ttf
12:10:42.512 [ForkJoinPool.commonPool-worker-9] DEBUG AssetLoader          - Loading from disk: /assets/ui/cursors/fxgl_default.png
12:10:42.514 [ForkJoinPool.commonPool-worker-9] DEBUG GameScene            - Game scene initialized: 1920x1080
12:10:42.520 [ForkJoinPool.commonPool-worker-9] DEBUG GameWorld            - Game world initialized
12:10:42.573 [ForkJoinPool.commonPool-worker-9] DEBUG PhysicsWorld         - Physics world initialized: appHeight=1080, physics.ppm=50,0
12:10:42.606 [ForkJoinPool.commonPool-worker-9] DEBUG Input                - Registered new binding: Pause - Esc
12:10:42.640 [JavaFX Application Thread] DEBUG FXGL                 - Running preInit()
12:10:42.641 [JavaFX Application Thread] DEBUG Input                - Registered new binding: Screenshot - P
12:10:42.641 [JavaFX Application Thread] DEBUG Input                - Registered new binding: Dev Options - CTRL+0
12:10:42.642 [JavaFX Application Thread] DEBUG Input                - Registered new binding: System info dump - CTRL+9
12:10:42.642 [JavaFX Application Thread] DEBUG Input                - Registered new binding: Restart - CTRL+R
12:10:42.642 [JavaFX Application Thread] DEBUG Input                - Registered new binding: Show grid - F
12:10:42.643 [JavaFX Application Thread] INFO  FXGL                 - FXGL initialization took: 0,936 sec
12:10:42.643 [JavaFX Application Thread] DEBUG LoopRunner           - Starting loop
12:10:42.645 [JavaFX Application Thread] DEBUG StartupState         - STARTUP
12:10:42.645 [JavaFX Application Thread] DEBUG GameApplication      - Starting new game
12:10:42.646 [JavaFX Application Thread] DEBUG Input                - Clearing active input actions
12:10:42.646 [JavaFX Application Thread] DEBUG AssetLoader          - Loading from disk: /assets/ui/css/fxgl_dark.css
12:10:42.651 [JavaFX Application Thread] DEBUG AppStateMachine      - StartupState -> LoadingState
12:10:42.655 [FXGL Background Thread 1 ] DEBUG InitAppTask          - Clearing previous game
12:10:42.655 [FXGL Background Thread 1 ] DEBUG GameWorld            - Clearing game world
12:10:42.655 [FXGL Background Thread 1 ] DEBUG PhysicsWorld         - Clearing physics world
12:10:42.656 [FXGL Background Thread 1 ] DEBUG GameScene            - Clearing game scene
12:10:42.657 [FXGL Background Thread 1 ] DEBUG InitAppTask          - Initializing Game
12:10:42.687 [FXGL Background Thread 1 ] DEBUG AssetLoader          - Loading from disk: /assets/textures/mapTest.png
12:10:42.713 [FXGL Background Thread 1 ] DEBUG GameScene            - Creating render group for layer: DEFAULT(100000)
12:10:42.715 [FXGL Background Thread 1 ] DEBUG AssetLoader          - Loading from disk: /assets/textures/down_hero1.png
12:10:42.717 [FXGL Background Thread 1 ] DEBUG AssetLoader          - Loading from disk: /assets/textures/Hero1_full.png
12:10:42.720 [FXGL Background Thread 1 ] DEBUG AssetLoader          - Loading from disk: /assets/textures/goblin_down.png
12:10:42.876 [FXGL Background Thread 1 ] DEBUG AudioPlayer          - Playing music com.almasb.fxgl.audio.Music@7bdcaf
12:10:42.876 [FXGL Background Thread 1 ] DEBUG InitAppTask          - Initializing Physics
12:10:42.876 [FXGL Background Thread 1 ] DEBUG InitAppTask          - Initializing UI
12:10:42.876 [FXGL Background Thread 1 ] DEBUG AssetLoader          - Loading from disk: /assets/ui/cursors/cursor.png
12:10:42.887 [FXGL Background Thread 1 ] DEBUG InitAppTask          - Initialization Complete
12:10:42.888 [FXGL Background Thread 1 ] INFO  InitAppTask          - Game initialization took: 0,232 sec
12:10:42.889 [JavaFX Application Thread] DEBUG Input                - Clearing active input actions
12:10:42.889 [JavaFX Application Thread] DEBUG AssetLoader          - Loading from disk: /assets/ui/css/fxgl_dark.css
12:10:42.894 [JavaFX Application Thread] DEBUG AppStateMachine      - LoadingState -> PlayState
12:10:53.895 [JavaFX Application Thread] DEBUG FXGL                 - Exiting FXGL
12:10:53.895 [JavaFX Application Thread] DEBUG FXGL                 - Shutting down background threads
12:10:53.895 [JavaFX Application Thread] DEBUG FXGL                 - Saving FXGL system data
12:10:53.897 [JavaFX Application Thread] DEBUG DesktopFSService     - Writing to: system\fxgl.bundle
12:10:53.900 [JavaFX Application Thread] DEBUG FXGL                 - Closing logger and exiting JavaFX
